{"Timestamp":"2026-02-12T07:10:38.3847950-04:00","Level":"Information","MessageTemplate":"Application is shutting down...","Properties":{"SourceContext":"Microsoft.Hosting.Lifetime","MachineName":"LPT-EGARCIA","ThreadId":71}}
{"Timestamp":"2026-02-12T09:32:53.6145871-04:00","Level":"Information","MessageTemplate":"Checking database schema updates...","Properties":{"SourceContext":"AcademicManager.Infrastructure.Data.DbInitializer","MachineName":"LPT-EGARCIA","ThreadId":2}}
{"Timestamp":"2026-02-12T09:32:54.1220878-04:00","Level":"Information","MessageTemplate":"Now listening on: {address}","Properties":{"address":"http://localhost:5187","EventId":{"Id":14,"Name":"ListeningOnAddress"},"SourceContext":"Microsoft.Hosting.Lifetime","MachineName":"LPT-EGARCIA","ThreadId":10}}
{"Timestamp":"2026-02-12T09:32:54.1248180-04:00","Level":"Information","MessageTemplate":"Application started. Press Ctrl+C to shut down.","Properties":{"SourceContext":"Microsoft.Hosting.Lifetime","MachineName":"LPT-EGARCIA","ThreadId":10}}
{"Timestamp":"2026-02-12T09:32:54.1262310-04:00","Level":"Information","MessageTemplate":"Hosting environment: {EnvName}","Properties":{"EnvName":"Development","SourceContext":"Microsoft.Hosting.Lifetime","MachineName":"LPT-EGARCIA","ThreadId":10}}
{"Timestamp":"2026-02-12T09:32:54.1270435-04:00","Level":"Information","MessageTemplate":"Content root path: {ContentRoot}","Properties":{"ContentRoot":"C:\\Users\\devpro\\Documents\\WorkSpaces\\DevProgramity\\Application\\AcademicManager\\src\\AcademicManager.Web","SourceContext":"Microsoft.Hosting.Lifetime","MachineName":"LPT-EGARCIA","ThreadId":10}}
{"Timestamp":"2026-02-12T09:32:57.9008967-04:00","Level":"Warning","MessageTemplate":"Failed to determine the https port for redirect.","TraceId":"b52aebffbc2c836b4cb44d7dbaa56a21","SpanId":"efaeeef94104bb64","Properties":{"EventId":{"Id":3,"Name":"FailedToDeterminePort"},"SourceContext":"Microsoft.AspNetCore.HttpsPolicy.HttpsRedirectionMiddleware","RequestId":"0HNJA7CU2D4SJ:00000001","RequestPath":"/","ConnectionId":"0HNJA7CU2D4SJ","MachineName":"LPT-EGARCIA","ThreadId":12}}
{"Timestamp":"2026-02-12T09:33:28.2088407-04:00","Level":"Information","MessageTemplate":"Application is shutting down...","Properties":{"SourceContext":"Microsoft.Hosting.Lifetime","MachineName":"LPT-EGARCIA","ThreadId":17}}
{"Timestamp":"2026-02-12T09:37:26.5480162-04:00","Level":"Information","MessageTemplate":"Checking database schema updates...","Properties":{"SourceContext":"AcademicManager.Infrastructure.Data.DbInitializer","MachineName":"LPT-EGARCIA","ThreadId":2}}
{"Timestamp":"2026-02-12T09:37:26.9015826-04:00","Level":"Information","MessageTemplate":"Now listening on: {address}","Properties":{"address":"http://localhost:5187","EventId":{"Id":14,"Name":"ListeningOnAddress"},"SourceContext":"Microsoft.Hosting.Lifetime","MachineName":"LPT-EGARCIA","ThreadId":10}}
{"Timestamp":"2026-02-12T09:37:26.9044763-04:00","Level":"Information","MessageTemplate":"Application started. Press Ctrl+C to shut down.","Properties":{"SourceContext":"Microsoft.Hosting.Lifetime","MachineName":"LPT-EGARCIA","ThreadId":10}}
{"Timestamp":"2026-02-12T09:37:26.9050868-04:00","Level":"Information","MessageTemplate":"Hosting environment: {EnvName}","Properties":{"EnvName":"Development","SourceContext":"Microsoft.Hosting.Lifetime","MachineName":"LPT-EGARCIA","ThreadId":10}}
{"Timestamp":"2026-02-12T09:37:26.9055529-04:00","Level":"Information","MessageTemplate":"Content root path: {ContentRoot}","Properties":{"ContentRoot":"C:\\Users\\devpro\\Documents\\WorkSpaces\\DevProgramity\\Application\\AcademicManager\\src\\AcademicManager.Web","SourceContext":"Microsoft.Hosting.Lifetime","MachineName":"LPT-EGARCIA","ThreadId":10}}
{"Timestamp":"2026-02-12T09:37:29.9472051-04:00","Level":"Warning","MessageTemplate":"Failed to determine the https port for redirect.","TraceId":"2c9219d7b6a17fee97ba95daace02da6","SpanId":"bd1b13cb9afcfbcf","Properties":{"EventId":{"Id":3,"Name":"FailedToDeterminePort"},"SourceContext":"Microsoft.AspNetCore.HttpsPolicy.HttpsRedirectionMiddleware","RequestId":"0HNJA7FF50ALD:00000001","RequestPath":"/_blazor/negotiate","ConnectionId":"0HNJA7FF50ALD","MachineName":"LPT-EGARCIA","ThreadId":14}}
{"Timestamp":"2026-02-12T09:42:29.7241258-04:00","Level":"Information","MessageTemplate":"Application is shutting down...","Properties":{"SourceContext":"Microsoft.Hosting.Lifetime","MachineName":"LPT-EGARCIA","ThreadId":22}}
{"Timestamp":"2026-02-12T09:51:41.6680243-04:00","Level":"Information","MessageTemplate":"Checking database schema updates...","Properties":{"SourceContext":"AcademicManager.Infrastructure.Data.DbInitializer","MachineName":"LPT-EGARCIA","ThreadId":2}}
{"Timestamp":"2026-02-12T09:51:42.0731670-04:00","Level":"Information","MessageTemplate":"Now listening on: {address}","Properties":{"address":"http://localhost:5187","EventId":{"Id":14,"Name":"ListeningOnAddress"},"SourceContext":"Microsoft.Hosting.Lifetime","MachineName":"LPT-EGARCIA","ThreadId":10}}
{"Timestamp":"2026-02-12T09:51:42.0762980-04:00","Level":"Information","MessageTemplate":"Application started. Press Ctrl+C to shut down.","Properties":{"SourceContext":"Microsoft.Hosting.Lifetime","MachineName":"LPT-EGARCIA","ThreadId":10}}
{"Timestamp":"2026-02-12T09:51:42.0772847-04:00","Level":"Information","MessageTemplate":"Hosting environment: {EnvName}","Properties":{"EnvName":"Development","SourceContext":"Microsoft.Hosting.Lifetime","MachineName":"LPT-EGARCIA","ThreadId":10}}
{"Timestamp":"2026-02-12T09:51:42.0778331-04:00","Level":"Information","MessageTemplate":"Content root path: {ContentRoot}","Properties":{"ContentRoot":"C:\\Users\\devpro\\Documents\\WorkSpaces\\DevProgramity\\Application\\AcademicManager\\src\\AcademicManager.Web","SourceContext":"Microsoft.Hosting.Lifetime","MachineName":"LPT-EGARCIA","ThreadId":10}}
{"Timestamp":"2026-02-12T09:51:49.9146214-04:00","Level":"Warning","MessageTemplate":"Failed to determine the https port for redirect.","TraceId":"1a7ee8e6c598f2fd217ca8789214f160","SpanId":"28c3d3282c3a07ff","Properties":{"EventId":{"Id":3,"Name":"FailedToDeterminePort"},"SourceContext":"Microsoft.AspNetCore.HttpsPolicy.HttpsRedirectionMiddleware","RequestId":"0HNJA7NFENUOP:00000001","RequestPath":"/_blazor/negotiate","ConnectionId":"0HNJA7NFENUOP","MachineName":"LPT-EGARCIA","ThreadId":12}}
{"Timestamp":"2026-02-12T09:52:24.7733681-04:00","Level":"Information","MessageTemplate":"Application is shutting down...","Properties":{"SourceContext":"Microsoft.Hosting.Lifetime","MachineName":"LPT-EGARCIA","ThreadId":20}}
{"Timestamp":"2026-02-12T09:53:02.6401826-04:00","Level":"Information","MessageTemplate":"Checking database schema updates...","Properties":{"SourceContext":"AcademicManager.Infrastructure.Data.DbInitializer","MachineName":"LPT-EGARCIA","ThreadId":2}}
{"Timestamp":"2026-02-12T09:53:03.0184658-04:00","Level":"Information","MessageTemplate":"Now listening on: {address}","Properties":{"address":"http://localhost:5187","EventId":{"Id":14,"Name":"ListeningOnAddress"},"SourceContext":"Microsoft.Hosting.Lifetime","MachineName":"LPT-EGARCIA","ThreadId":10}}
{"Timestamp":"2026-02-12T09:53:03.0218453-04:00","Level":"Information","MessageTemplate":"Application started. Press Ctrl+C to shut down.","Properties":{"SourceContext":"Microsoft.Hosting.Lifetime","MachineName":"LPT-EGARCIA","ThreadId":10}}
{"Timestamp":"2026-02-12T09:53:03.0224079-04:00","Level":"Information","MessageTemplate":"Hosting environment: {EnvName}","Properties":{"EnvName":"Development","SourceContext":"Microsoft.Hosting.Lifetime","MachineName":"LPT-EGARCIA","ThreadId":10}}
{"Timestamp":"2026-02-12T09:53:03.0228736-04:00","Level":"Information","MessageTemplate":"Content root path: {ContentRoot}","Properties":{"ContentRoot":"C:\\Users\\devpro\\Documents\\WorkSpaces\\DevProgramity\\Application\\AcademicManager\\src\\AcademicManager.Web","SourceContext":"Microsoft.Hosting.Lifetime","MachineName":"LPT-EGARCIA","ThreadId":10}}
{"Timestamp":"2026-02-12T09:53:07.7163085-04:00","Level":"Warning","MessageTemplate":"Failed to determine the https port for redirect.","TraceId":"29cae7e92d96fc40b5bd85a25e8f9f79","SpanId":"80f03a706acd949e","Properties":{"EventId":{"Id":3,"Name":"FailedToDeterminePort"},"SourceContext":"Microsoft.AspNetCore.HttpsPolicy.HttpsRedirectionMiddleware","RequestId":"0HNJA7O6KFITS:00000001","RequestPath":"/","ConnectionId":"0HNJA7O6KFITS","MachineName":"LPT-EGARCIA","ThreadId":8}}
{"Timestamp":"2026-02-12T09:56:29.0070485-04:00","Level":"Information","MessageTemplate":"Application is shutting down...","Properties":{"SourceContext":"Microsoft.Hosting.Lifetime","MachineName":"LPT-EGARCIA","ThreadId":25}}
{"Timestamp":"2026-02-12T09:56:44.3754743-04:00","Level":"Information","MessageTemplate":"Checking database schema updates...","Properties":{"SourceContext":"AcademicManager.Infrastructure.Data.DbInitializer","MachineName":"LPT-EGARCIA","ThreadId":2}}
{"Timestamp":"2026-02-12T09:56:44.7523510-04:00","Level":"Information","MessageTemplate":"Now listening on: {address}","Properties":{"address":"http://localhost:5187","EventId":{"Id":14,"Name":"ListeningOnAddress"},"SourceContext":"Microsoft.Hosting.Lifetime","MachineName":"LPT-EGARCIA","ThreadId":10}}
{"Timestamp":"2026-02-12T09:56:44.7558511-04:00","Level":"Information","MessageTemplate":"Application started. Press Ctrl+C to shut down.","Properties":{"SourceContext":"Microsoft.Hosting.Lifetime","MachineName":"LPT-EGARCIA","ThreadId":10}}
{"Timestamp":"2026-02-12T09:56:44.7565547-04:00","Level":"Information","MessageTemplate":"Hosting environment: {EnvName}","Properties":{"EnvName":"Development","SourceContext":"Microsoft.Hosting.Lifetime","MachineName":"LPT-EGARCIA","ThreadId":10}}
{"Timestamp":"2026-02-12T09:56:44.7572528-04:00","Level":"Information","MessageTemplate":"Content root path: {ContentRoot}","Properties":{"ContentRoot":"C:\\Users\\devpro\\Documents\\WorkSpaces\\DevProgramity\\Application\\AcademicManager\\src\\AcademicManager.Web","SourceContext":"Microsoft.Hosting.Lifetime","MachineName":"LPT-EGARCIA","ThreadId":10}}
{"Timestamp":"2026-02-12T09:58:55.6690814-04:00","Level":"Information","MessageTemplate":"Application is shutting down...","Properties":{"SourceContext":"Microsoft.Hosting.Lifetime","MachineName":"LPT-EGARCIA","ThreadId":17}}
{"Timestamp":"2026-02-12T09:59:02.7843635-04:00","Level":"Information","MessageTemplate":"Checking database schema updates...","Properties":{"SourceContext":"AcademicManager.Infrastructure.Data.DbInitializer","MachineName":"LPT-EGARCIA","ThreadId":2}}
{"Timestamp":"2026-02-12T09:59:03.1604363-04:00","Level":"Information","MessageTemplate":"Now listening on: {address}","Properties":{"address":"http://localhost:5187","EventId":{"Id":14,"Name":"ListeningOnAddress"},"SourceContext":"Microsoft.Hosting.Lifetime","MachineName":"LPT-EGARCIA","ThreadId":10}}
{"Timestamp":"2026-02-12T09:59:03.1641932-04:00","Level":"Information","MessageTemplate":"Application started. Press Ctrl+C to shut down.","Properties":{"SourceContext":"Microsoft.Hosting.Lifetime","MachineName":"LPT-EGARCIA","ThreadId":10}}
{"Timestamp":"2026-02-12T09:59:03.1648882-04:00","Level":"Information","MessageTemplate":"Hosting environment: {EnvName}","Properties":{"EnvName":"Development","SourceContext":"Microsoft.Hosting.Lifetime","MachineName":"LPT-EGARCIA","ThreadId":10}}
{"Timestamp":"2026-02-12T09:59:03.1653807-04:00","Level":"Information","MessageTemplate":"Content root path: {ContentRoot}","Properties":{"ContentRoot":"C:\\Users\\devpro\\Documents\\WorkSpaces\\DevProgramity\\Application\\AcademicManager\\src\\AcademicManager.Web","SourceContext":"Microsoft.Hosting.Lifetime","MachineName":"LPT-EGARCIA","ThreadId":10}}
{"Timestamp":"2026-02-12T09:59:04.8833593-04:00","Level":"Warning","MessageTemplate":"Failed to determine the https port for redirect.","TraceId":"c7ad0b7b1cf278ed8c6475a705b296fa","SpanId":"f2a6d3395c619138","Properties":{"EventId":{"Id":3,"Name":"FailedToDeterminePort"},"SourceContext":"Microsoft.AspNetCore.HttpsPolicy.HttpsRedirectionMiddleware","RequestId":"0HNJA7RH2I8FU:00000001","RequestPath":"/","ConnectionId":"0HNJA7RH2I8FU","MachineName":"LPT-EGARCIA","ThreadId":12}}
{"Timestamp":"2026-02-12T10:05:04.8320114-04:00","Level":"Information","MessageTemplate":"Application is shutting down...","Properties":{"SourceContext":"Microsoft.Hosting.Lifetime","MachineName":"LPT-EGARCIA","ThreadId":35}}
{"Timestamp":"2026-02-12T10:05:17.1225886-04:00","Level":"Information","MessageTemplate":"Checking database schema updates...","Properties":{"SourceContext":"AcademicManager.Infrastructure.Data.DbInitializer","MachineName":"LPT-EGARCIA","ThreadId":2}}
{"Timestamp":"2026-02-12T10:05:17.4995869-04:00","Level":"Information","MessageTemplate":"Now listening on: {address}","Properties":{"address":"http://localhost:5187","EventId":{"Id":14,"Name":"ListeningOnAddress"},"SourceContext":"Microsoft.Hosting.Lifetime","MachineName":"LPT-EGARCIA","ThreadId":10}}
{"Timestamp":"2026-02-12T10:05:17.5027832-04:00","Level":"Information","MessageTemplate":"Application started. Press Ctrl+C to shut down.","Properties":{"SourceContext":"Microsoft.Hosting.Lifetime","MachineName":"LPT-EGARCIA","ThreadId":10}}
{"Timestamp":"2026-02-12T10:05:17.5040696-04:00","Level":"Information","MessageTemplate":"Hosting environment: {EnvName}","Properties":{"EnvName":"Development","SourceContext":"Microsoft.Hosting.Lifetime","MachineName":"LPT-EGARCIA","ThreadId":10}}
{"Timestamp":"2026-02-12T10:05:17.5047061-04:00","Level":"Information","MessageTemplate":"Content root path: {ContentRoot}","Properties":{"ContentRoot":"C:\\Users\\devpro\\Documents\\WorkSpaces\\DevProgramity\\Application\\AcademicManager\\src\\AcademicManager.Web","SourceContext":"Microsoft.Hosting.Lifetime","MachineName":"LPT-EGARCIA","ThreadId":10}}
{"Timestamp":"2026-02-12T10:05:18.9648265-04:00","Level":"Warning","MessageTemplate":"Failed to determine the https port for redirect.","TraceId":"1e7eb1443e7340645e8d4f3ebeca24bd","SpanId":"38b28fa40de0d2d7","Properties":{"EventId":{"Id":3,"Name":"FailedToDeterminePort"},"SourceContext":"Microsoft.AspNetCore.HttpsPolicy.HttpsRedirectionMiddleware","RequestId":"0HNJA7V0I4G08:00000001","RequestPath":"/","ConnectionId":"0HNJA7V0I4G08","MachineName":"LPT-EGARCIA","ThreadId":8}}
{"Timestamp":"2026-02-12T10:07:17.8870696-04:00","Level":"Information","MessageTemplate":"Application is shutting down...","Properties":{"SourceContext":"Microsoft.Hosting.Lifetime","MachineName":"LPT-EGARCIA","ThreadId":21}}
{"Timestamp":"2026-02-12T10:09:39.8117372-04:00","Level":"Information","MessageTemplate":"Checking database schema updates...","Properties":{"SourceContext":"AcademicManager.Infrastructure.Data.DbInitializer","MachineName":"LPT-EGARCIA","ThreadId":2}}
{"Timestamp":"2026-02-12T10:09:40.1765601-04:00","Level":"Information","MessageTemplate":"Now listening on: {address}","Properties":{"address":"http://localhost:5187","EventId":{"Id":14,"Name":"ListeningOnAddress"},"SourceContext":"Microsoft.Hosting.Lifetime","MachineName":"LPT-EGARCIA","ThreadId":10}}
{"Timestamp":"2026-02-12T10:09:40.1798800-04:00","Level":"Information","MessageTemplate":"Application started. Press Ctrl+C to shut down.","Properties":{"SourceContext":"Microsoft.Hosting.Lifetime","MachineName":"LPT-EGARCIA","ThreadId":10}}
{"Timestamp":"2026-02-12T10:09:40.1804263-04:00","Level":"Information","MessageTemplate":"Hosting environment: {EnvName}","Properties":{"EnvName":"Development","SourceContext":"Microsoft.Hosting.Lifetime","MachineName":"LPT-EGARCIA","ThreadId":10}}
{"Timestamp":"2026-02-12T10:09:40.1808797-04:00","Level":"Information","MessageTemplate":"Content root path: {ContentRoot}","Properties":{"ContentRoot":"C:\\Users\\devpro\\Documents\\WorkSpaces\\DevProgramity\\Application\\AcademicManager\\src\\AcademicManager.Web","SourceContext":"Microsoft.Hosting.Lifetime","MachineName":"LPT-EGARCIA","ThreadId":10}}
{"Timestamp":"2026-02-12T10:09:41.3972123-04:00","Level":"Warning","MessageTemplate":"Failed to determine the https port for redirect.","TraceId":"c77c1907a4a3ebea02a84f53876c7120","SpanId":"a7430c8c1a10dfa6","Properties":{"EventId":{"Id":3,"Name":"FailedToDeterminePort"},"SourceContext":"Microsoft.AspNetCore.HttpsPolicy.HttpsRedirectionMiddleware","RequestId":"0HNJA81EP09CL:00000001","RequestPath":"/","ConnectionId":"0HNJA81EP09CL","MachineName":"LPT-EGARCIA","ThreadId":8}}
{"Timestamp":"2026-02-12T10:11:14.3919010-04:00","Level":"Information","MessageTemplate":"Application is shutting down...","Properties":{"SourceContext":"Microsoft.Hosting.Lifetime","MachineName":"LPT-EGARCIA","ThreadId":3}}
{"Timestamp":"2026-02-12T10:17:19.3210001-04:00","Level":"Information","MessageTemplate":"Checking database schema updates...","Properties":{"SourceContext":"AcademicManager.Infrastructure.Data.DbInitializer","MachineName":"LPT-EGARCIA","ThreadId":2}}
{"Timestamp":"2026-02-12T10:17:19.7597640-04:00","Level":"Information","MessageTemplate":"Now listening on: {address}","Properties":{"address":"http://localhost:5187","EventId":{"Id":14,"Name":"ListeningOnAddress"},"SourceContext":"Microsoft.Hosting.Lifetime","MachineName":"LPT-EGARCIA","ThreadId":10}}
{"Timestamp":"2026-02-12T10:17:19.7623153-04:00","Level":"Information","MessageTemplate":"Application started. Press Ctrl+C to shut down.","Properties":{"SourceContext":"Microsoft.Hosting.Lifetime","MachineName":"LPT-EGARCIA","ThreadId":10}}
{"Timestamp":"2026-02-12T10:17:19.7632282-04:00","Level":"Information","MessageTemplate":"Hosting environment: {EnvName}","Properties":{"EnvName":"Development","SourceContext":"Microsoft.Hosting.Lifetime","MachineName":"LPT-EGARCIA","ThreadId":10}}
{"Timestamp":"2026-02-12T10:17:19.7638568-04:00","Level":"Information","MessageTemplate":"Content root path: {ContentRoot}","Properties":{"ContentRoot":"C:\\Users\\devpro\\Documents\\WorkSpaces\\DevProgramity\\Application\\AcademicManager\\src\\AcademicManager.Web","SourceContext":"Microsoft.Hosting.Lifetime","MachineName":"LPT-EGARCIA","ThreadId":10}}
{"Timestamp":"2026-02-12T10:17:23.0097030-04:00","Level":"Warning","MessageTemplate":"Failed to determine the https port for redirect.","TraceId":"6ec4ec709241ad229b2a1f7a219e3528","SpanId":"d6cc30ec47b375a4","Properties":{"EventId":{"Id":3,"Name":"FailedToDeterminePort"},"SourceContext":"Microsoft.AspNetCore.HttpsPolicy.HttpsRedirectionMiddleware","RequestId":"0HNJA85OATMDU:00000001","RequestPath":"/","ConnectionId":"0HNJA85OATMDU","MachineName":"LPT-EGARCIA","ThreadId":12}}
{"Timestamp":"2026-02-12T11:20:21.8874657-04:00","Level":"Information","MessageTemplate":"Application is shutting down...","Properties":{"SourceContext":"Microsoft.Hosting.Lifetime","MachineName":"LPT-EGARCIA","ThreadId":38}}
{"Timestamp":"2026-02-12T11:21:09.0146451-04:00","Level":"Information","MessageTemplate":"Checking database schema updates...","Properties":{"SourceContext":"AcademicManager.Infrastructure.Data.DbInitializer","MachineName":"LPT-EGARCIA","ThreadId":2}}
{"Timestamp":"2026-02-12T11:21:09.4108555-04:00","Level":"Information","MessageTemplate":"Now listening on: {address}","Properties":{"address":"http://localhost:5187","EventId":{"Id":14,"Name":"ListeningOnAddress"},"SourceContext":"Microsoft.Hosting.Lifetime","MachineName":"LPT-EGARCIA","ThreadId":10}}
{"Timestamp":"2026-02-12T11:21:09.4138295-04:00","Level":"Information","MessageTemplate":"Application started. Press Ctrl+C to shut down.","Properties":{"SourceContext":"Microsoft.Hosting.Lifetime","MachineName":"LPT-EGARCIA","ThreadId":10}}
{"Timestamp":"2026-02-12T11:21:09.4143978-04:00","Level":"Information","MessageTemplate":"Hosting environment: {EnvName}","Properties":{"EnvName":"Development","SourceContext":"Microsoft.Hosting.Lifetime","MachineName":"LPT-EGARCIA","ThreadId":10}}
{"Timestamp":"2026-02-12T11:21:09.4148656-04:00","Level":"Information","MessageTemplate":"Content root path: {ContentRoot}","Properties":{"ContentRoot":"C:\\Users\\devpro\\Documents\\WorkSpaces\\DevProgramity\\Application\\AcademicManager\\src\\AcademicManager.Web","SourceContext":"Microsoft.Hosting.Lifetime","MachineName":"LPT-EGARCIA","ThreadId":10}}
{"Timestamp":"2026-02-12T11:21:09.9024541-04:00","Level":"Warning","MessageTemplate":"Failed to determine the https port for redirect.","TraceId":"3d86ac2e5b0c2c6ffccab97409ec388e","SpanId":"e3979fc464e3e9db","Properties":{"EventId":{"Id":3,"Name":"FailedToDeterminePort"},"SourceContext":"Microsoft.AspNetCore.HttpsPolicy.HttpsRedirectionMiddleware","RequestId":"0HNJA99CRIBF8:00000001","RequestPath":"/_blazor/negotiate","ConnectionId":"0HNJA99CRIBF8","MachineName":"LPT-EGARCIA","ThreadId":8}}
{"Timestamp":"2026-02-12T11:23:34.0464145-04:00","Level":"Information","MessageTemplate":"Application is shutting down...","Properties":{"SourceContext":"Microsoft.Hosting.Lifetime","MachineName":"LPT-EGARCIA","ThreadId":3}}
{"Timestamp":"2026-02-12T11:24:36.0885420-04:00","Level":"Information","MessageTemplate":"Checking database schema updates...","Properties":{"SourceContext":"AcademicManager.Infrastructure.Data.DbInitializer","MachineName":"LPT-EGARCIA","ThreadId":2}}
{"Timestamp":"2026-02-12T11:24:36.4648245-04:00","Level":"Information","MessageTemplate":"Now listening on: {address}","Properties":{"address":"http://localhost:5187","EventId":{"Id":14,"Name":"ListeningOnAddress"},"SourceContext":"Microsoft.Hosting.Lifetime","MachineName":"LPT-EGARCIA","ThreadId":7}}
{"Timestamp":"2026-02-12T11:24:36.4675023-04:00","Level":"Information","MessageTemplate":"Application started. Press Ctrl+C to shut down.","Properties":{"SourceContext":"Microsoft.Hosting.Lifetime","MachineName":"LPT-EGARCIA","ThreadId":7}}
{"Timestamp":"2026-02-12T11:24:36.4681241-04:00","Level":"Information","MessageTemplate":"Hosting environment: {EnvName}","Properties":{"EnvName":"Development","SourceContext":"Microsoft.Hosting.Lifetime","MachineName":"LPT-EGARCIA","ThreadId":7}}
{"Timestamp":"2026-02-12T11:24:36.4686102-04:00","Level":"Information","MessageTemplate":"Content root path: {ContentRoot}","Properties":{"ContentRoot":"C:\\Users\\devpro\\Documents\\WorkSpaces\\DevProgramity\\Application\\AcademicManager\\src\\AcademicManager.Web","SourceContext":"Microsoft.Hosting.Lifetime","MachineName":"LPT-EGARCIA","ThreadId":7}}
{"Timestamp":"2026-02-12T11:24:38.2962513-04:00","Level":"Warning","MessageTemplate":"Failed to determine the https port for redirect.","TraceId":"0f84a0fc85381f835bc77f6be81af8af","SpanId":"435e96b67e58ac28","Properties":{"EventId":{"Id":3,"Name":"FailedToDeterminePort"},"SourceContext":"Microsoft.AspNetCore.HttpsPolicy.HttpsRedirectionMiddleware","RequestId":"0HNJA9BAUOU4B:00000001","RequestPath":"/_blazor/negotiate","ConnectionId":"0HNJA9BAUOU4B","MachineName":"LPT-EGARCIA","ThreadId":5}}
{"Timestamp":"2026-02-12T11:27:43.7112458-04:00","Level":"Information","MessageTemplate":"Application is shutting down...","Properties":{"SourceContext":"Microsoft.Hosting.Lifetime","MachineName":"LPT-EGARCIA","ThreadId":3}}
